{"/private/tmp/claude-501/-Users-kayhanb-Projects-repos-kayhan-dev-etc-post-014-riskratchet/ea57142b-947c-4f46-91bf-784b6784941d/scratchpad/tscov/run.cjs": {"path":"/private/tmp/claude-501/-Users-kayhanb-Projects-repos-kayhan-dev-etc-post-014-riskratchet/ea57142b-947c-4f46-91bf-784b6784941d/scratchpad/tscov/run.cjs","all":false,"statementMap":{"0":{"start":{"line":1,"column":0},"end":{"line":1,"column":51}},"1":{"start":{"line":2,"column":0},"end":{"line":2,"column":12}},"2":{"start":{"line":3,"column":0},"end":{"line":3,"column":11}}},"s":{"0":1,"1":1,"2":1},"branchMap":{"0":{"type":"branch","line":1,"loc":{"start":{"line":1,"column":0},"end":{"line":3,"column":11}},"locations":[{"start":{"line":1,"column":0},"end":{"line":3,"column":11}}]}},"b":{"0":[1]},"fnMap":{},"f":{}}
,"/private/tmp/claude-501/-Users-kayhanb-Projects-repos-kayhan-dev-etc-post-014-riskratchet/ea57142b-947c-4f46-91bf-784b6784941d/scratchpad/tscov/sample.js": {"path":"/private/tmp/claude-501/-Users-kayhanb-Projects-repos-kayhan-dev-etc-post-014-riskratchet/ea57142b-947c-4f46-91bf-784b6784941d/scratchpad/tscov/sample.js","all":false,"statementMap":{"0":{"start":{"line":1,"column":0},"end":{"line":1,"column":13}},"1":{"start":{"line":2,"column":0},"end":{"line":2,"column":88}},"2":{"start":{"line":3,"column":0},"end":{"line":3,"column":91}},"3":{"start":{"line":4,"column":0},"end":{"line":4,"column":89}},"4":{"start":{"line":5,"column":0},"end":{"line":5,"column":22}},"5":{"start":{"line":6,"column":0},"end":{"line":6,"column":14}},"6":{"start":{"line":7,"column":0},"end":{"line":7,"column":17}},"7":{"start":{"line":8,"column":0},"end":{"line":8,"column":21}},"8":{"start":{"line":9,"column":0},"end":{"line":9,"column":17}},"9":{"start":{"line":10,"column":0},"end":{"line":10,"column":3}},"10":{"start":{"line":11,"column":0},"end":{"line":11,"column":16}},"11":{"start":{"line":12,"column":0},"end":{"line":12,"column":1}},"12":{"start":{"line":13,"column":0},"end":{"line":13,"column":0}},"13":{"start":{"line":14,"column":0},"end":{"line":14,"column":22}},"14":{"start":{"line":15,"column":0},"end":{"line":15,"column":22}},"15":{"start":{"line":16,"column":0},"end":{"line":16,"column":1}},"16":{"start":{"line":17,"column":0},"end":{"line":17,"column":0}},"17":{"start":{"line":18,"column":0},"end":{"line":18,"column":37}}},"s":{"0":1,"1":1,"2":1,"3":1,"4":1,"5":1,"6":1,"7":1,"8":0,"9":0,"10":0,"11":1,"12":1,"13":1,"14":1,"15":1,"16":1,"17":1},"branchMap":{"0":{"type":"branch","line":1,"loc":{"start":{"line":1,"column":0},"end":{"line":18,"column":37}},"locations":[{"start":{"line":1,"column":0},"end":{"line":18,"column":37}}]},"1":{"type":"branch","line":5,"loc":{"start":{"line":5,"column":0},"end":{"line":12,"column":1}},"locations":[{"start":{"line":5,"column":0},"end":{"line":12,"column":1}}]},"2":{"type":"branch","line":8,"loc":{"start":{"line":8,"column":3},"end":{"line":12,"column":0}},"locations":[{"start":{"line":8,"column":3},"end":{"line":12,"column":0}}]},"3":{"type":"branch","line":14,"loc":{"start":{"line":14,"column":0},"end":{"line":16,"column":1}},"locations":[{"start":{"line":14,"column":0},"end":{"line":16,"column":1}}]}},"b":{"0":[1],"1":[1],"2":[0],"3":[1]},"fnMap":{"0":{"name":"classify","decl":{"start":{"line":5,"column":0},"end":{"line":12,"column":1}},"loc":{"start":{"line":5,"column":0},"end":{"line":12,"column":1}},"line":5},"1":{"name":"greet","decl":{"start":{"line":14,"column":0},"end":{"line":16,"column":1}},"loc":{"start":{"line":14,"column":0},"end":{"line":16,"column":1}},"line":14}},"f":{"0":1,"1":1}}
}
