{
  "src/app/sample.ts": {
    "path": "src/app/sample.ts",
    "statementMap": {
      "0": { "start": { "line": 2, "column": 2 }, "end": { "line": 2, "column": 14 } },
      "1": { "start": { "line": 3, "column": 2 }, "end": { "line": 3, "column": 11 } },
      "2": { "start": { "line": 7, "column": 2 }, "end": { "line": 7, "column": 12 } },
      "3": { "start": { "line": 8, "column": 2 }, "end": { "line": 12, "column": 3 } },
      "4": { "start": { "line": 9, "column": 4 }, "end": { "line": 9, "column": 10 } },
      "5": { "start": { "line": 11, "column": 4 }, "end": { "line": 11, "column": 10 } },
      "6": { "start": { "line": 13, "column": 2 }, "end": { "line": 13, "column": 11 } }
    },
    "fnMap": {
      "0": {
        "name": "covered",
        "decl": { "start": { "line": 1, "column": 9 }, "end": { "line": 1, "column": 16 } },
        "loc": { "start": { "line": 1, "column": 28 }, "end": { "line": 4, "column": 1 } },
        "line": 1
      },
      "1": {
        "name": "partial",
        "decl": { "start": { "line": 6, "column": 9 }, "end": { "line": 6, "column": 16 } },
        "loc": { "start": { "line": 6, "column": 37 }, "end": { "line": 14, "column": 1 } },
        "line": 6
      }
    },
    "branchMap": {
      "0": {
        "type": "if",
        "line": 8,
        "loc": { "start": { "line": 8, "column": 2 }, "end": { "line": 12, "column": 3 } },
        "locations": [
          { "start": { "line": 8, "column": 2 }, "end": { "line": 12, "column": 3 } },
          { "start": { "line": 10, "column": 9 }, "end": { "line": 12, "column": 3 } }
        ]
      }
    },
    "s": { "0": 1, "1": 1, "2": 1, "3": 1, "4": 1, "5": 0, "6": 1 },
    "f": { "0": 1, "1": 1 },
    "b": { "0": [1, 0] },
    "_coverageSchema": "1a1c01bbd47fc00a2c39e90264f33305004495a9",
    "hash": "0xfixturehash"
  }
}
