{"/private/tmp/claude-501/-Users-kayhanb-Projects-repos-kayhan-dev-etc-post-014-riskratchet/ea57142b-947c-4f46-91bf-784b6784941d/scratchpad/tscov/run.cjs": {"path":"/private/tmp/claude-501/-Users-kayhanb-Projects-repos-kayhan-dev-etc-post-014-riskratchet/ea57142b-947c-4f46-91bf-784b6784941d/scratchpad/tscov/run.cjs","statementMap":{"0":{"start":{"line":1,"column":28},"end":{"line":1,"column":50}},"1":{"start":{"line":2,"column":0},"end":{"line":2,"column":12}},"2":{"start":{"line":3,"column":0},"end":{"line":3,"column":11}}},"fnMap":{},"branchMap":{},"s":{"0":1,"1":1,"2":1},"f":{},"b":{},"_coverageSchema":"1a1c01bbd47fc00a2c39e90264f33305004495a9","hash":"bc64d2d5a5d158a1045cee536911d9a21318cbdd","contentHash":"f52277c09162d6480efdd81691f5ee909c85682120040abdfad7c3f112b777f0"}
,"/private/tmp/claude-501/-Users-kayhanb-Projects-repos-kayhan-dev-etc-post-014-riskratchet/ea57142b-947c-4f46-91bf-784b6784941d/scratchpad/tscov/sample.js": {"path":"/private/tmp/claude-501/-Users-kayhanb-Projects-repos-kayhan-dev-etc-post-014-riskratchet/ea57142b-947c-4f46-91bf-784b6784941d/scratchpad/tscov/sample.js","statementMap":{"0":{"start":{"line":6,"column":2},"end":{"line":10,"column":3}},"1":{"start":{"line":7,"column":4},"end":{"line":7,"column":17}},"2":{"start":{"line":8,"column":9},"end":{"line":10,"column":3}},"3":{"start":{"line":9,"column":4},"end":{"line":9,"column":17}},"4":{"start":{"line":11,"column":2},"end":{"line":11,"column":16}},"5":{"start":{"line":15,"column":2},"end":{"line":15,"column":22}},"6":{"start":{"line":18,"column":0},"end":{"line":18,"column":37}}},"fnMap":{"0":{"name":"classify","decl":{"start":{"line":5,"column":9},"end":{"line":5,"column":17}},"loc":{"start":{"line":5,"column":21},"end":{"line":12,"column":1}},"line":5},"1":{"name":"greet","decl":{"start":{"line":14,"column":9},"end":{"line":14,"column":14}},"loc":{"start":{"line":14,"column":21},"end":{"line":16,"column":1}},"line":14}},"branchMap":{"0":{"loc":{"start":{"line":6,"column":2},"end":{"line":10,"column":3}},"type":"if","locations":[{"start":{"line":6,"column":2},"end":{"line":10,"column":3}},{"start":{"line":8,"column":9},"end":{"line":10,"column":3}}],"line":6},"1":{"loc":{"start":{"line":8,"column":9},"end":{"line":10,"column":3}},"type":"if","locations":[{"start":{"line":8,"column":9},"end":{"line":10,"column":3}},{"start":{},"end":{}}],"line":8}},"s":{"0":1,"1":1,"2":0,"3":0,"4":0,"5":1,"6":1},"f":{"0":1,"1":1},"b":{"0":[1,0],"1":[0,0]},"_coverageSchema":"1a1c01bbd47fc00a2c39e90264f33305004495a9","hash":"aed2ea743383b09ca60268d5f903d494fa9ae203","contentHash":"d49ad1db2982c087789158ab6b311350e52323fc4aea0ba770f90d921562ec99"}
}
